{"/Users/mateuszstepaniuk/Projekty/optimo-recruitment/src/exploreSite.ts": {"path":"/Users/mateuszstepaniuk/Projekty/optimo-recruitment/src/exploreSite.ts","statementMap":{"0":{"start":{"line":1,"column":0},"end":{"line":1,"column":31}},"1":{"start":{"line":2,"column":0},"end":{"line":2,"column":49}},"2":{"start":{"line":3,"column":0},"end":{"line":3,"column":30}},"3":{"start":{"line":4,"column":0},"end":{"line":4,"column":null}},"4":{"start":{"line":13,"column":27},"end":{"line":54,"column":1}},"5":{"start":{"line":18,"column":1},"end":{"line":20,"column":null}},"6":{"start":{"line":19,"column":2},"end":{"line":19,"column":17}},"7":{"start":{"line":21,"column":28},"end":{"line":21,"column":30}},"8":{"start":{"line":23,"column":1},"end":{"line":44,"column":null}},"9":{"start":{"line":24,"column":2},"end":{"line":24,"column":35}},"10":{"start":{"line":25,"column":12},"end":{"line":25,"column":53}},"11":{"start":{"line":26,"column":19},"end":{"line":26,"column":25}},"12":{"start":{"line":28,"column":26},"end":{"line":28,"column":76}},"13":{"start":{"line":29,"column":33},"end":{"line":29,"column":66}},"14":{"start":{"line":31,"column":2},"end":{"line":31,"column":74}},"15":{"start":{"line":33,"column":2},"end":{"line":33,"column":40}},"16":{"start":{"line":34,"column":2},"end":{"line":34,"column":25}},"17":{"start":{"line":36,"column":27},"end":{"line":40,"column":null}},"18":{"start":{"line":38,"column":4},"end":{"line":40,"column":30}},"19":{"start":{"line":43,"column":2},"end":{"line":43,"column":37}},"20":{"start":{"line":46,"column":35},"end":{"line":46,"column":61}},"21":{"start":{"line":47,"column":24},"end":{"line":49,"column":null}},"22":{"start":{"line":52,"column":1},"end":{"line":52,"column":58}},"23":{"start":{"line":53,"column":1},"end":{"line":53,"column":59}},"24":{"start":{"line":13,"column":13},"end":{"line":13,"column":27}},"25":{"start":{"line":56,"column":26},"end":{"line":57,"column":49}},"26":{"start":{"line":57,"column":1},"end":{"line":57,"column":49}},"27":{"start":{"line":57,"column":22},"end":{"line":57,"column":48}},"28":{"start":{"line":59,"column":39},"end":{"line":62,"column":1}},"29":{"start":{"line":60,"column":16},"end":{"line":60,"column":60}},"30":{"start":{"line":60,"column":48},"end":{"line":60,"column":59}},"31":{"start":{"line":61,"column":1},"end":{"line":61,"column":21}},"32":{"start":{"line":64,"column":44},"end":{"line":88,"column":1}},"33":{"start":{"line":68,"column":1},"end":{"line":87,"column":13}},"34":{"start":{"line":70,"column":3},"end":{"line":85,"column":6}},"35":{"start":{"line":71,"column":20},"end":{"line":71,"column":42}},"36":{"start":{"line":72,"column":33},"end":{"line":72,"column":61}},"37":{"start":{"line":74,"column":20},"end":{"line":74,"column":62}},"38":{"start":{"line":76,"column":4},"end":{"line":82,"column":null}},"39":{"start":{"line":81,"column":5},"end":{"line":81,"column":22}},"40":{"start":{"line":84,"column":4},"end":{"line":84,"column":14}}},"fnMap":{"0":{"name":"(anonymous_1)","decl":{"start":{"line":13,"column":27},"end":{"line":13,"column":32}},"loc":{"start":{"line":17,"column":39},"end":{"line":54,"column":1}}},"1":{"name":"(anonymous_2)","decl":{"start":{"line":37,"column":3},"end":{"line":37,"column":4}},"loc":{"start":{"line":38,"column":4},"end":{"line":40,"column":30}}},"2":{"name":"(anonymous_3)","decl":{"start":{"line":56,"column":26},"end":{"line":56,"column":27}},"loc":{"start":{"line":57,"column":1},"end":{"line":57,"column":49}}},"3":{"name":"(anonymous_4)","decl":{"start":{"line":57,"column":13},"end":{"line":57,"column":14}},"loc":{"start":{"line":57,"column":22},"end":{"line":57,"column":48}}},"4":{"name":"(anonymous_5)","decl":{"start":{"line":59,"column":39},"end":{"line":59,"column":44}},"loc":{"start":{"line":59,"column":61},"end":{"line":62,"column":1}}},"5":{"name":"(anonymous_6)","decl":{"start":{"line":60,"column":38},"end":{"line":60,"column":39}},"loc":{"start":{"line":60,"column":48},"end":{"line":60,"column":59}}},"6":{"name":"(anonymous_7)","decl":{"start":{"line":64,"column":44},"end":{"line":64,"column":null}},"loc":{"start":{"line":67,"column":4},"end":{"line":88,"column":1}}},"7":{"name":"(anonymous_8)","decl":{"start":{"line":69,"column":7},"end":{"line":69,"column":8}},"loc":{"start":{"line":69,"column":17},"end":{"line":86,"column":3}}},"8":{"name":"(anonymous_9)","decl":{"start":{"line":70,"column":32},"end":{"line":70,"column":33}},"loc":{"start":{"line":70,"column":46},"end":{"line":85,"column":4}}}},"branchMap":{"0":{"loc":{"start":{"line":15,"column":1},"end":{"line":15,"column":28}},"type":"default-arg","locations":[{"start":{"line":15,"column":26},"end":{"line":15,"column":28}}]},"1":{"loc":{"start":{"line":16,"column":1},"end":{"line":16,"column":39}},"type":"default-arg","locations":[{"start":{"line":16,"column":37},"end":{"line":16,"column":39}}]},"2":{"loc":{"start":{"line":18,"column":1},"end":{"line":20,"column":null}},"type":"if","locations":[{"start":{"line":18,"column":1},"end":{"line":20,"column":null}}]},"3":{"loc":{"start":{"line":38,"column":4},"end":{"line":40,"column":30}},"type":"binary-expr","locations":[{"start":{"line":38,"column":4},"end":{"line":38,"column":21}},{"start":{"line":39,"column":4},"end":{"line":39,"column":26}},{"start":{"line":40,"column":4},"end":{"line":40,"column":30}}]},"4":{"loc":{"start":{"line":76,"column":4},"end":{"line":82,"column":null}},"type":"if","locations":[{"start":{"line":76,"column":4},"end":{"line":82,"column":null}}]},"5":{"loc":{"start":{"line":77,"column":5},"end":{"line":79,"column":26}},"type":"binary-expr","locations":[{"start":{"line":77,"column":5},"end":{"line":77,"column":30}},{"start":{"line":78,"column":5},"end":{"line":78,"column":33}},{"start":{"line":79,"column":5},"end":{"line":79,"column":26}}]}},"s":{"0":1,"1":1,"2":1,"3":1,"4":1,"5":3,"6":1,"7":2,"8":2,"9":2,"10":2,"11":2,"12":2,"13":2,"14":2,"15":2,"16":2,"17":2,"18":1,"19":2,"20":2,"21":2,"22":2,"23":2,"24":1,"25":1,"26":2,"27":1,"28":1,"29":2,"30":2,"31":2,"32":1,"33":2,"34":1,"35":2,"36":2,"37":2,"38":2,"39":1,"40":1},"f":{"0":3,"1":1,"2":2,"3":1,"4":2,"5":2,"6":2,"7":1,"8":2},"b":{"0":[1],"1":[1],"2":[1],"3":[1,1,1],"4":[1],"5":[2,1,1]}}
,"/Users/mateuszstepaniuk/Projekty/optimo-recruitment/src/utils.ts": {"path":"/Users/mateuszstepaniuk/Projekty/optimo-recruitment/src/utils.ts","statementMap":{"0":{"start":{"line":1,"column":35},"end":{"line":3,"column":1}},"1":{"start":{"line":2,"column":1},"end":{"line":2,"column":32}},"2":{"start":{"line":1,"column":13},"end":{"line":1,"column":35}},"3":{"start":{"line":5,"column":25},"end":{"line":17,"column":1}},"4":{"start":{"line":6,"column":16},"end":{"line":6,"column":31}},"5":{"start":{"line":7,"column":16},"end":{"line":7,"column":25}},"6":{"start":{"line":9,"column":23},"end":{"line":9,"column":46}},"7":{"start":{"line":11,"column":15},"end":{"line":11,"column":42}},"8":{"start":{"line":13,"column":1},"end":{"line":15,"column":null}},"9":{"start":{"line":14,"column":2},"end":{"line":14,"column":18}},"10":{"start":{"line":16,"column":1},"end":{"line":16,"column":13}},"11":{"start":{"line":5,"column":13},"end":{"line":5,"column":25}},"12":{"start":{"line":19,"column":29},"end":{"line":21,"column":1}},"13":{"start":{"line":20,"column":1},"end":{"line":20,"column":44}},"14":{"start":{"line":19,"column":13},"end":{"line":19,"column":29}},"15":{"start":{"line":23,"column":28},"end":{"line":26,"column":1}},"16":{"start":{"line":24,"column":19},"end":{"line":24,"column":34}},"17":{"start":{"line":25,"column":1},"end":{"line":25,"column":28}},"18":{"start":{"line":23,"column":13},"end":{"line":23,"column":28}},"19":{"start":{"line":28,"column":32},"end":{"line":30,"column":1}},"20":{"start":{"line":29,"column":1},"end":{"line":29,"column":33}},"21":{"start":{"line":28,"column":13},"end":{"line":28,"column":32}},"22":{"start":{"line":32,"column":28},"end":{"line":37,"column":1}},"23":{"start":{"line":34,"column":2},"end":{"line":34,"column":69}},"24":{"start":{"line":36,"column":1},"end":{"line":36,"column":29}},"25":{"start":{"line":32,"column":13},"end":{"line":32,"column":28}},"26":{"start":{"line":39,"column":36},"end":{"line":44,"column":1}},"27":{"start":{"line":40,"column":20},"end":{"line":40,"column":34}},"28":{"start":{"line":41,"column":27},"end":{"line":41,"column":45}},"29":{"start":{"line":43,"column":1},"end":{"line":43,"column":49}},"30":{"start":{"line":39,"column":13},"end":{"line":39,"column":36}}},"fnMap":{"0":{"name":"(anonymous_0)","decl":{"start":{"line":1,"column":35},"end":{"line":1,"column":36}},"loc":{"start":{"line":1,"column":51},"end":{"line":3,"column":1}}},"1":{"name":"(anonymous_1)","decl":{"start":{"line":5,"column":25},"end":{"line":5,"column":26}},"loc":{"start":{"line":5,"column":41},"end":{"line":17,"column":1}}},"2":{"name":"(anonymous_2)","decl":{"start":{"line":19,"column":29},"end":{"line":19,"column":30}},"loc":{"start":{"line":19,"column":60},"end":{"line":21,"column":1}}},"3":{"name":"(anonymous_3)","decl":{"start":{"line":23,"column":28},"end":{"line":23,"column":29}},"loc":{"start":{"line":23,"column":44},"end":{"line":26,"column":1}}},"4":{"name":"(anonymous_4)","decl":{"start":{"line":28,"column":32},"end":{"line":28,"column":36}},"loc":{"start":{"line":28,"column":48},"end":{"line":30,"column":1}}},"5":{"name":"(anonymous_5)","decl":{"start":{"line":32,"column":28},"end":{"line":32,"column":29}},"loc":{"start":{"line":32,"column":44},"end":{"line":37,"column":1}}},"6":{"name":"(anonymous_6)","decl":{"start":{"line":39,"column":36},"end":{"line":39,"column":37}},"loc":{"start":{"line":39,"column":52},"end":{"line":44,"column":1}}}},"branchMap":{"0":{"loc":{"start":{"line":13,"column":1},"end":{"line":15,"column":null}},"type":"if","locations":[{"start":{"line":13,"column":1},"end":{"line":15,"column":null}}]},"1":{"loc":{"start":{"line":43,"column":8},"end":{"line":43,"column":48}},"type":"cond-expr","locations":[{"start":{"line":43,"column":28},"end":{"line":43,"column":31}},{"start":{"line":43,"column":34},"end":{"line":43,"column":48}}]}},"s":{"0":2,"1":6,"2":2,"3":2,"4":15,"5":15,"6":15,"7":15,"8":15,"9":14,"10":1,"11":2,"12":2,"13":4,"14":2,"15":2,"16":3,"17":3,"18":2,"19":2,"20":5,"21":2,"22":2,"23":14,"24":14,"25":2,"26":2,"27":4,"28":4,"29":4,"30":2},"f":{"0":6,"1":15,"2":4,"3":3,"4":5,"5":14,"6":4},"b":{"0":[14],"1":[1,3]}}
}
